<?xml version="1.0" encoding="UTF-8"?>
<testsuite name="prode.FixtureTest" time="0.204" tests="6" errors="6" skipped="0" failures="0">
  <properties>
[...]
</properties>
  <testcase name="validatePrecenseOfSomethingInLeague" classname="prode.FixtureTest" time="0.001">
    <error message="Failed to connect to JDBC URL: jdbc:mysql://127.0.0.1/prode_test?nullNamePatternMatchesAll=true" type="org.javalite.activejdbc.InitException"><![CDATA[org.javalite.activejdbc.InitException: Failed to connect to JDBC URL: jdbc:mysql://127.0.0.1/prode_test?nullNamePatternMatchesAll=true
	at sun.reflect.NativeConstructorAccessorImpl.newInstance0(Native Method)
	at sun.reflect.NativeConstructorAccessorImpl.newInstance(NativeConstructorAccessorImpl.java:62)
	at sun.reflect.DelegatingConstructorAccessorImpl.newInstance(DelegatingConstructorAccessorImpl.java:45)
	at java.lang.reflect.Constructor.newInstance(Constructor.java:423)
	at com.mysql.cj.core.exceptions.ExceptionFactory.createException(ExceptionFactory.java:54)
	at com.mysql.cj.core.exceptions.ExceptionFactory.createException(ExceptionFactory.java:73)
	at com.mysql.cj.mysqla.authentication.MysqlaAuthenticationProvider.proceedHandshakeWithPluggableAuthentication(MysqlaAuthenticationProvider.java:564)
	at com.mysql.cj.mysqla.authentication.MysqlaAuthenticationProvider.connect(MysqlaAuthenticationProvider.java:204)
	at com.mysql.cj.mysqla.io.MysqlaProtocol.connect(MysqlaProtocol.java:1414)
	at com.mysql.cj.mysqla.MysqlaSession.connect(MysqlaSession.java:132)
	at com.mysql.cj.jdbc.ConnectionImpl.connectOneTryOnly(ConnectionImpl.java:1726)
	at com.mysql.cj.jdbc.ConnectionImpl.createNewIO(ConnectionImpl.java:1596)
	at com.mysql.cj.jdbc.ConnectionImpl.<init>(ConnectionImpl.java:633)
	at com.mysql.cj.jdbc.ConnectionImpl.getInstance(ConnectionImpl.java:347)
	at com.mysql.cj.jdbc.NonRegisteringDriver.connect(NonRegisteringDriver.java:219)
	at java.sql.DriverManager.getConnection(DriverManager.java:664)
	at java.sql.DriverManager.getConnection(DriverManager.java:247)
	at org.javalite.activejdbc.DB.open(DB.java:108)
	at org.javalite.activejdbc.DB.open(DB.java:89)
	at org.javalite.activejdbc.Base.open(Base.java:62)
	at prode.FixtureTest.before(FixtureTest.java:15)
]]></error>
    <system-out><![CDATA[FixtureTest tearDown
]]></system-out>
    <system-err><![CDATA[Fri Jun 08 14:22:48 UTC 2018 WARN: Establishing SSL connection without server's identity verification is not recommended. According to MySQL 5.5.45+, 5.6.26+ and 5.7.6+ requirements SSL connection must be established by default if explicit option isn't set. For compliance with existing applications not using SSL the verifyServerCertificate property is set to 'false'. You need either to explicitly disable SSL by setting useSSL=false, or set useSSL=true and provide truststore for server certificate verification.
]]></system-err>
  </testcase>
  <testcase name="validatePrecenseOfSomethingInLeague" classname="prode.FixtureTest" time="0.001">
    <error message="Cannot rollback transaction, connection &apos;default&apos; not available" type="org.javalite.activejdbc.DBException">org.javalite.activejdbc.DBException: Cannot rollback transaction, connection 'default' not available
	at org.javalite.activejdbc.DB.rollbackTransaction(DB.java:747)
	at org.javalite.activejdbc.Base.rollbackTransaction(Base.java:314)
	at prode.FixtureTest.after(FixtureTest.java:23)
</error>
  </testcase>
  <testcase name="validatePrecenseOfLeague" classname="prode.FixtureTest" time="0.025">
    <error message="Failed to connect to JDBC URL: jdbc:mysql://127.0.0.1/prode_test?nullNamePatternMatchesAll=true" type="org.javalite.activejdbc.InitException"><![CDATA[org.javalite.activejdbc.InitException: Failed to connect to JDBC URL: jdbc:mysql://127.0.0.1/prode_test?nullNamePatternMatchesAll=true
	at sun.reflect.NativeConstructorAccessorImpl.newInstance0(Native Method)
	at sun.reflect.NativeConstructorAccessorImpl.newInstance(NativeConstructorAccessorImpl.java:62)
	at sun.reflect.DelegatingConstructorAccessorImpl.newInstance(DelegatingConstructorAccessorImpl.java:45)
	at java.lang.reflect.Constructor.newInstance(Constructor.java:423)
	at com.mysql.cj.core.exceptions.ExceptionFactory.createException(ExceptionFactory.java:54)
	at com.mysql.cj.core.exceptions.ExceptionFactory.createException(ExceptionFactory.java:73)
	at com.mysql.cj.mysqla.authentication.MysqlaAuthenticationProvider.proceedHandshakeWithPluggableAuthentication(MysqlaAuthenticationProvider.java:564)
	at com.mysql.cj.mysqla.authentication.MysqlaAuthenticationProvider.connect(MysqlaAuthenticationProvider.java:204)
	at com.mysql.cj.mysqla.io.MysqlaProtocol.connect(MysqlaProtocol.java:1414)
	at com.mysql.cj.mysqla.MysqlaSession.connect(MysqlaSession.java:132)
	at com.mysql.cj.jdbc.ConnectionImpl.connectOneTryOnly(ConnectionImpl.java:1726)
	at com.mysql.cj.jdbc.ConnectionImpl.createNewIO(ConnectionImpl.java:1596)
	at com.mysql.cj.jdbc.ConnectionImpl.<init>(ConnectionImpl.java:633)
	at com.mysql.cj.jdbc.ConnectionImpl.getInstance(ConnectionImpl.java:347)
	at com.mysql.cj.jdbc.NonRegisteringDriver.connect(NonRegisteringDriver.java:219)
	at java.sql.DriverManager.getConnection(DriverManager.java:664)
	at java.sql.DriverManager.getConnection(DriverManager.java:247)
	at org.javalite.activejdbc.DB.open(DB.java:108)
	at org.javalite.activejdbc.DB.open(DB.java:89)
	at org.javalite.activejdbc.Base.open(Base.java:62)
	at prode.FixtureTest.before(FixtureTest.java:15)
]]></error>
    <system-out><![CDATA[FixtureTest tearDown
]]></system-out>
    <system-err><![CDATA[Fri Jun 08 14:22:49 UTC 2018 WARN: Establishing SSL connection without server's identity verification is not recommended. According to MySQL 5.5.45+, 5.6.26+ and 5.7.6+ requirements SSL connection must be established by default if explicit option isn't set. For compliance with existing applications not using SSL the verifyServerCertificate property is set to 'false'. You need either to explicitly disable SSL by setting useSSL=false, or set useSSL=true and provide truststore for server certificate verification.
]]></system-err>
  </testcase>
  <testcase name="validatePrecenseOfLeague" classname="prode.FixtureTest" time="0.026">
    <error message="Cannot rollback transaction, connection &apos;default&apos; not available" type="org.javalite.activejdbc.DBException">org.javalite.activejdbc.DBException: Cannot rollback transaction, connection 'default' not available
	at org.javalite.activejdbc.DB.rollbackTransaction(DB.java:747)
	at org.javalite.activejdbc.Base.rollbackTransaction(Base.java:314)
	at prode.FixtureTest.after(FixtureTest.java:23)
</error>
  </testcase>
  <testcase name="validateUniqueLeague" classname="prode.FixtureTest" time="0.178">
    <error message="Failed to connect to JDBC URL: jdbc:mysql://127.0.0.1/prode_test?nullNamePatternMatchesAll=true" type="org.javalite.activejdbc.InitException"><![CDATA[org.javalite.activejdbc.InitException: Failed to connect to JDBC URL: jdbc:mysql://127.0.0.1/prode_test?nullNamePatternMatchesAll=true
	at sun.reflect.NativeConstructorAccessorImpl.newInstance0(Native Method)
	at sun.reflect.NativeConstructorAccessorImpl.newInstance(NativeConstructorAccessorImpl.java:62)
	at sun.reflect.DelegatingConstructorAccessorImpl.newInstance(DelegatingConstructorAccessorImpl.java:45)
	at java.lang.reflect.Constructor.newInstance(Constructor.java:423)
	at com.mysql.cj.core.exceptions.ExceptionFactory.createException(ExceptionFactory.java:54)
	at com.mysql.cj.core.exceptions.ExceptionFactory.createException(ExceptionFactory.java:73)
	at com.mysql.cj.mysqla.authentication.MysqlaAuthenticationProvider.proceedHandshakeWithPluggableAuthentication(MysqlaAuthenticationProvider.java:564)
	at com.mysql.cj.mysqla.authentication.MysqlaAuthenticationProvider.connect(MysqlaAuthenticationProvider.java:204)
	at com.mysql.cj.mysqla.io.MysqlaProtocol.connect(MysqlaProtocol.java:1414)
	at com.mysql.cj.mysqla.MysqlaSession.connect(MysqlaSession.java:132)
	at com.mysql.cj.jdbc.ConnectionImpl.connectOneTryOnly(ConnectionImpl.java:1726)
	at com.mysql.cj.jdbc.ConnectionImpl.createNewIO(ConnectionImpl.java:1596)
	at com.mysql.cj.jdbc.ConnectionImpl.<init>(ConnectionImpl.java:633)
	at com.mysql.cj.jdbc.ConnectionImpl.getInstance(ConnectionImpl.java:347)
	at com.mysql.cj.jdbc.NonRegisteringDriver.connect(NonRegisteringDriver.java:219)
	at java.sql.DriverManager.getConnection(DriverManager.java:664)
	at java.sql.DriverManager.getConnection(DriverManager.java:247)
	at org.javalite.activejdbc.DB.open(DB.java:108)
	at org.javalite.activejdbc.DB.open(DB.java:89)
	at org.javalite.activejdbc.Base.open(Base.java:62)
	at prode.FixtureTest.before(FixtureTest.java:15)
]]></error>
    <system-out><![CDATA[FixtureTest tearDown
]]></system-out>
    <system-err><![CDATA[Fri Jun 08 14:22:49 UTC 2018 WARN: Establishing SSL connection without server's identity verification is not recommended. According to MySQL 5.5.45+, 5.6.26+ and 5.7.6+ requirements SSL connection must be established by default if explicit option isn't set. For compliance with existing applications not using SSL the verifyServerCertificate property is set to 'false'. You need either to explicitly disable SSL by setting useSSL=false, or set useSSL=true and provide truststore for server certificate verification.
]]></system-err>
  </testcase>
  <testcase name="validateUniqueLeague" classname="prode.FixtureTest" time="0.189">
    <error message="Cannot rollback transaction, connection &apos;default&apos; not available" type="org.javalite.activejdbc.DBException">org.javalite.activejdbc.DBException: Cannot rollback transaction, connection 'default' not available
	at org.javalite.activejdbc.DB.rollbackTransaction(DB.java:747)
	at org.javalite.activejdbc.Base.rollbackTransaction(Base.java:314)
	at prode.FixtureTest.after(FixtureTest.java:23)
</error>
  </testcase>
</testsuite>